2024-03-08 08:46:03.910  INFO 62349 --- [restartedMain] core.App                                 : Starting App using Java 11.0.22 on lenovopc with PID 62349 (/home/jortiz/IT/code/javacode/github/inclusion/backend/target/classes started by jortiz in /home/jortiz/IT/code/javacode/github/inclusion/backend)
2024-03-08 08:46:03.913  INFO 62349 --- [restartedMain] core.App                                 : The following 1 profile is active: "dev"
2024-03-08 08:46:03.950  INFO 62349 --- [restartedMain] .e.DevToolsPropertyDefaultsPostProcessor : Devtools property defaults active! Set 'spring.devtools.add-properties' to 'false' to disable
2024-03-08 08:46:03.951  INFO 62349 --- [restartedMain] .e.DevToolsPropertyDefaultsPostProcessor : For additional web related logging consider setting the 'logging.level.web' property to 'DEBUG'
2024-03-08 08:46:04.800  INFO 62349 --- [restartedMain] o.s.b.w.embedded.tomcat.TomcatWebServer  : Tomcat initialized with port(s): 8081 (http)
2024-03-08 08:46:04.806  INFO 62349 --- [restartedMain] o.apache.catalina.core.StandardService   : Starting service [Tomcat]
2024-03-08 08:46:04.807  INFO 62349 --- [restartedMain] org.apache.catalina.core.StandardEngine  : Starting Servlet engine: [Apache Tomcat/9.0.65]
2024-03-08 08:46:04.843  INFO 62349 --- [restartedMain] o.a.c.c.C.[Tomcat].[localhost].[/]       : Initializing Spring embedded WebApplicationContext
2024-03-08 08:46:04.843  INFO 62349 --- [restartedMain] w.s.c.ServletWebServerApplicationContext : Root WebApplicationContext: initialization completed in 892 ms
2024-03-08 08:46:05.357  WARN 62349 --- [restartedMain] ion$DefaultTemplateResolverConfiguration : Cannot find template location: classpath:/templates/ (please add some templates or check your Thymeleaf configuration)
2024-03-08 08:46:05.381  INFO 62349 --- [restartedMain] o.s.b.d.a.OptionalLiveReloadServer       : LiveReload server is running on port 35729
2024-03-08 08:46:05.385  INFO 62349 --- [restartedMain] o.s.b.a.e.web.EndpointLinksResolver      : Exposing 14 endpoint(s) beneath base path '/actuator'
2024-03-08 08:46:05.416  INFO 62349 --- [restartedMain] o.s.b.w.embedded.tomcat.TomcatWebServer  : Tomcat started on port(s): 8081 (http) with context path ''
2024-03-08 08:46:05.425  INFO 62349 --- [restartedMain] core.App                                 : Started App in 1.772 seconds (JVM running for 2.215)
2024-03-08 08:46:07.095  INFO 62349 --- [RMI TCP Connection(1)-127.0.0.1] o.a.c.c.C.[Tomcat].[localhost].[/]       : Initializing Spring DispatcherServlet 'dispatcherServlet'
2024-03-08 08:46:07.095  INFO 62349 --- [RMI TCP Connection(1)-127.0.0.1] o.s.web.servlet.DispatcherServlet        : Initializing Servlet 'dispatcherServlet'
2024-03-08 08:46:07.096  INFO 62349 --- [RMI TCP Connection(1)-127.0.0.1] o.s.web.servlet.DispatcherServlet        : Completed initialization in 1 ms
2024-03-08 08:46:19.852  INFO 62349 --- [http-nio-8081-exec-2] core.controller.rest.MathController      : Arriving numbers...
2024-03-08 08:46:19.852  INFO 62349 --- [http-nio-8081-exec-2] core.service.MathServiceImp              : Validating numbers...
2024-03-08 08:46:19.852 ERROR 62349 --- [http-nio-8081-exec-2] core.service.MathServiceImp              : An ERROR Message
2024-03-08 08:46:19.853  WARN 62349 --- [http-nio-8081-exec-2] .m.m.a.ExceptionHandlerExceptionResolver : Resolved [core.exception.AppException: there are some nulls or undefine values/fields]
2024-03-08 08:47:35.427  INFO 62349 --- [http-nio-8081-exec-4] core.controller.rest.MathController      : Arriving numbers...
2024-03-08 08:47:35.428  INFO 62349 --- [http-nio-8081-exec-4] core.service.MathServiceImp              : Validating numbers...
2024-03-08 08:47:35.428  INFO 62349 --- [http-nio-8081-exec-4] core.service.MathServiceImp              : Doing math...
2024-03-08 08:47:35.434  INFO 62349 --- [http-nio-8081-exec-4] core.service.MathServiceImp              : For test case [2 4 3]: Maximum k = 3
2024-03-08 08:48:52.299  INFO 62349 --- [http-nio-8081-exec-6] core.controller.rest.MathController      : Arriving numbers...
2024-03-08 08:48:52.299  INFO 62349 --- [http-nio-8081-exec-6] core.service.MathServiceImp              : Validating numbers...
2024-03-08 08:48:52.299 ERROR 62349 --- [http-nio-8081-exec-6] core.service.MathServiceImp              : An ERROR Message
2024-03-08 08:48:52.300  WARN 62349 --- [http-nio-8081-exec-6] .m.m.a.ExceptionHandlerExceptionResolver : Resolved [core.exception.AppException: there are some nulls or undefine values/fields]
2024-03-08 08:49:36.830  INFO 62349 --- [http-nio-8081-exec-8] core.controller.rest.MathController      : Arriving numbers...
2024-03-08 08:49:36.830  INFO 62349 --- [http-nio-8081-exec-8] core.service.MathServiceImp              : Validating numbers...
2024-03-08 08:49:36.830  INFO 62349 --- [http-nio-8081-exec-8] core.service.MathServiceImp              : Doing math...
2024-03-08 08:49:36.830  INFO 62349 --- [http-nio-8081-exec-8] core.service.MathServiceImp              : For test case [2 99 -222]: Maximum k = 98
2024-03-08 08:49:49.335  WARN 62349 --- [http-nio-8081-exec-9] .w.s.m.s.DefaultHandlerExceptionResolver : Resolved [org.springframework.http.converter.HttpMessageNotReadableException: JSON parse error: Unexpected character ('r' (code 114)) in numeric value: Exponent indicator not followed by a digit; nested exception is com.fasterxml.jackson.core.JsonParseException: Unexpected character ('r' (code 114)) in numeric value: Exponent indicator not followed by a digit<EOL> at [Source: (org.springframework.util.StreamUtils$NonClosingInputStream); line: 3, column: 17]]
2024-03-08 08:53:19.370  INFO 62349 --- [http-nio-8081-exec-1] core.controller.rest.MathController      : Arriving numbers...
2024-03-08 08:53:19.370  INFO 62349 --- [http-nio-8081-exec-1] core.service.MathServiceImp              : Validating numbers...
2024-03-08 08:53:19.370  INFO 62349 --- [http-nio-8081-exec-1] core.service.MathServiceImp              : Doing math...
2024-03-08 08:53:19.370  INFO 62349 --- [http-nio-8081-exec-1] core.service.MathServiceImp              : For test case [2 3 2]: Maximum k = 2
2024-03-08 08:53:27.532  INFO 62349 --- [http-nio-8081-exec-2] core.controller.rest.MathController      : Arriving numbers...
2024-03-08 08:53:27.533  INFO 62349 --- [http-nio-8081-exec-2] core.service.MathServiceImp              : Validating numbers...
2024-03-08 08:53:27.533 ERROR 62349 --- [http-nio-8081-exec-2] core.service.MathServiceImp              : An ERROR Message
2024-03-08 08:53:27.534  WARN 62349 --- [http-nio-8081-exec-2] .m.m.a.ExceptionHandlerExceptionResolver : Resolved [core.exception.AppException: there are some nulls or undefine values/fields]
2024-03-08 08:54:31.039  INFO 62349 --- [http-nio-8081-exec-4] core.controller.rest.MathController      : Arriving numbers...
2024-03-08 08:54:31.050  INFO 62349 --- [http-nio-8081-exec-4] core.service.MathServiceImp              : Validating numbers...
2024-03-08 08:54:31.051 ERROR 62349 --- [http-nio-8081-exec-4] core.service.MathServiceImp              : An ERROR Message
2024-03-08 08:54:31.051  WARN 62349 --- [http-nio-8081-exec-4] .m.m.a.ExceptionHandlerExceptionResolver : Resolved [core.exception.AppException: there are some nulls or undefine values/fields]
2024-03-08 08:56:26.428  INFO 62349 --- [http-nio-8081-exec-6] core.controller.rest.MathController      : Arriving numbers...
2024-03-08 08:56:26.428  INFO 62349 --- [http-nio-8081-exec-6] core.service.MathServiceImp              : Validating numbers...
2024-03-08 08:56:26.429 ERROR 62349 --- [http-nio-8081-exec-6] core.service.MathServiceImp              : An ERROR Message
2024-03-08 08:56:26.429  WARN 62349 --- [http-nio-8081-exec-6] .m.m.a.ExceptionHandlerExceptionResolver : Resolved [core.exception.AppException: there are some nulls or undefine values/fields]
2024-03-08 08:57:32.877  INFO 62349 --- [http-nio-8081-exec-8] core.controller.rest.MathController      : Arriving numbers...
2024-03-08 08:57:32.877  INFO 62349 --- [http-nio-8081-exec-8] core.service.MathServiceImp              : Validating numbers...
2024-03-08 08:57:32.877 ERROR 62349 --- [http-nio-8081-exec-8] core.service.MathServiceImp              : An ERROR Message
2024-03-08 08:57:32.877  WARN 62349 --- [http-nio-8081-exec-8] .m.m.a.ExceptionHandlerExceptionResolver : Resolved [core.exception.AppException: there are some nulls or undefine values/fields]
2024-03-08 08:58:19.399  INFO 62349 --- [http-nio-8081-exec-9] core.controller.rest.MathController      : Arriving numbers...
2024-03-08 08:58:19.399  INFO 62349 --- [http-nio-8081-exec-9] core.service.MathServiceImp              : Validating numbers...
2024-03-08 08:58:19.399 ERROR 62349 --- [http-nio-8081-exec-9] core.service.MathServiceImp              : An ERROR Message
2024-03-08 08:58:19.400  WARN 62349 --- [http-nio-8081-exec-9] .m.m.a.ExceptionHandlerExceptionResolver : Resolved [core.exception.AppException: there are some nulls or undefine values/fields]
2024-03-08 08:58:50.930  INFO 62349 --- [http-nio-8081-exec-10] core.controller.rest.MathController      : Arriving numbers...
2024-03-08 08:58:50.930  INFO 62349 --- [http-nio-8081-exec-10] core.service.MathServiceImp              : Validating numbers...
2024-03-08 08:58:50.930 ERROR 62349 --- [http-nio-8081-exec-10] core.service.MathServiceImp              : An ERROR Message
2024-03-08 08:58:50.930  WARN 62349 --- [http-nio-8081-exec-10] .m.m.a.ExceptionHandlerExceptionResolver : Resolved [core.exception.AppException: there are some nulls or undefine values/fields]
2024-03-08 08:59:44.858  INFO 62349 --- [http-nio-8081-exec-1] core.controller.rest.MathController      : Arriving numbers...
2024-03-08 08:59:44.859  INFO 62349 --- [http-nio-8081-exec-1] core.service.MathServiceImp              : Validating numbers...
2024-03-08 08:59:44.859  INFO 62349 --- [http-nio-8081-exec-1] core.service.MathServiceImp              : Doing math...
2024-03-08 08:59:44.859  INFO 62349 --- [http-nio-8081-exec-1] core.service.MathServiceImp              : For test case [3 6 3]: Maximum k = 6
2024-03-08 09:00:38.459  INFO 62349 --- [http-nio-8081-exec-2] core.controller.rest.MathController      : Arriving numbers...
2024-03-08 09:00:38.459  INFO 62349 --- [http-nio-8081-exec-2] core.service.MathServiceImp              : Validating numbers...
2024-03-08 09:00:38.459  INFO 62349 --- [http-nio-8081-exec-2] core.service.MathServiceImp              : Doing math...
2024-03-08 09:00:38.459  INFO 62349 --- [http-nio-8081-exec-2] core.service.MathServiceImp              : For test case [2 6 2]: Maximum k = 6
2024-03-08 09:00:41.932  INFO 62349 --- [http-nio-8081-exec-3] core.controller.rest.MathController      : Arriving numbers...
2024-03-08 09:00:41.933  INFO 62349 --- [http-nio-8081-exec-3] core.service.MathServiceImp              : Validating numbers...
2024-03-08 09:00:41.943 ERROR 62349 --- [http-nio-8081-exec-3] core.service.MathServiceImp              : An ERROR Message
2024-03-08 09:00:41.944  WARN 62349 --- [http-nio-8081-exec-3] .m.m.a.ExceptionHandlerExceptionResolver : Resolved [core.exception.AppException: there are some nulls or undefine values/fields]
2024-03-08 09:01:24.989  INFO 62349 --- [http-nio-8081-exec-4] core.controller.rest.MathController      : Arriving numbers...
2024-03-08 09:01:24.989  INFO 62349 --- [http-nio-8081-exec-4] core.service.MathServiceImp              : Validating numbers...
2024-03-08 09:01:24.989 ERROR 62349 --- [http-nio-8081-exec-4] core.service.MathServiceImp              : An ERROR Message
2024-03-08 09:01:24.989  WARN 62349 --- [http-nio-8081-exec-4] .m.m.a.ExceptionHandlerExceptionResolver : Resolved [core.exception.AppException: there are some nulls or undefine values/fields]
2024-03-08 09:01:59.393  INFO 62349 --- [http-nio-8081-exec-5] core.controller.rest.MathController      : Arriving numbers...
2024-03-08 09:01:59.393  INFO 62349 --- [http-nio-8081-exec-5] core.service.MathServiceImp              : Validating numbers...
2024-03-08 09:01:59.393 ERROR 62349 --- [http-nio-8081-exec-5] core.service.MathServiceImp              : An ERROR Message
2024-03-08 09:01:59.393  WARN 62349 --- [http-nio-8081-exec-5] .m.m.a.ExceptionHandlerExceptionResolver : Resolved [core.exception.AppException: there are some nulls or undefine values/fields]
2024-03-08 09:02:55.698  INFO 62349 --- [http-nio-8081-exec-6] core.controller.rest.MathController      : Arriving numbers...
2024-03-08 09:02:55.698  INFO 62349 --- [http-nio-8081-exec-6] core.service.MathServiceImp              : Validating numbers...
2024-03-08 09:02:55.698 ERROR 62349 --- [http-nio-8081-exec-6] core.service.MathServiceImp              : An ERROR Message
2024-03-08 09:02:55.699  WARN 62349 --- [http-nio-8081-exec-6] .m.m.a.ExceptionHandlerExceptionResolver : Resolved [core.exception.AppException: there are some nulls or undefine values/fields]
2024-03-08 09:02:58.655  INFO 62349 --- [http-nio-8081-exec-7] core.controller.rest.MathController      : Arriving numbers...
2024-03-08 09:02:58.656  INFO 62349 --- [http-nio-8081-exec-7] core.service.MathServiceImp              : Validating numbers...
2024-03-08 09:02:58.656 ERROR 62349 --- [http-nio-8081-exec-7] core.service.MathServiceImp              : An ERROR Message
2024-03-08 09:02:58.656  WARN 62349 --- [http-nio-8081-exec-7] .m.m.a.ExceptionHandlerExceptionResolver : Resolved [core.exception.AppException: there are some nulls or undefine values/fields]
2024-03-08 09:03:41.320  INFO 62349 --- [http-nio-8081-exec-8] core.controller.rest.MathController      : Arriving numbers...
2024-03-08 09:03:41.320  INFO 62349 --- [http-nio-8081-exec-8] core.service.MathServiceImp              : Validating numbers...
2024-03-08 09:03:41.320  INFO 62349 --- [http-nio-8081-exec-8] core.service.MathServiceImp              : Doing math...
2024-03-08 09:03:41.320  INFO 62349 --- [http-nio-8081-exec-8] core.service.MathServiceImp              : For test case [2 3 2]: Maximum k = 2
2024-03-08 09:03:44.052  INFO 62349 --- [http-nio-8081-exec-9] core.controller.rest.MathController      : Arriving numbers...
2024-03-08 09:03:44.053  INFO 62349 --- [http-nio-8081-exec-9] core.service.MathServiceImp              : Validating numbers...
2024-03-08 09:03:44.053 ERROR 62349 --- [http-nio-8081-exec-9] core.service.MathServiceImp              : An ERROR Message
2024-03-08 09:03:44.053  WARN 62349 --- [http-nio-8081-exec-9] .m.m.a.ExceptionHandlerExceptionResolver : Resolved [core.exception.AppException: there are some nulls or undefine values/fields]
2024-03-08 09:04:14.186  INFO 62349 --- [http-nio-8081-exec-10] core.controller.rest.MathController      : Arriving numbers...
2024-03-08 09:04:14.187  INFO 62349 --- [http-nio-8081-exec-10] core.service.MathServiceImp              : Validating numbers...
2024-03-08 09:04:14.187 ERROR 62349 --- [http-nio-8081-exec-10] core.service.MathServiceImp              : An ERROR Message
2024-03-08 09:04:14.187  WARN 62349 --- [http-nio-8081-exec-10] .m.m.a.ExceptionHandlerExceptionResolver : Resolved [core.exception.AppException: there are some nulls or undefine values/fields]
2024-03-08 09:04:56.679  INFO 62349 --- [http-nio-8081-exec-1] core.controller.rest.MathController      : Arriving numbers...
2024-03-08 09:04:56.679  INFO 62349 --- [http-nio-8081-exec-1] core.service.MathServiceImp              : Validating numbers...
2024-03-08 09:04:56.679 ERROR 62349 --- [http-nio-8081-exec-1] core.service.MathServiceImp              : An ERROR Message
2024-03-08 09:04:56.680  WARN 62349 --- [http-nio-8081-exec-1] .m.m.a.ExceptionHandlerExceptionResolver : Resolved [core.exception.AppException: there are some nulls or undefine values/fields]
2024-03-08 09:05:48.433  INFO 62349 --- [File Watcher] rtingClassPathChangeChangedEventListener : Restarting due to 1 class path change (0 additions, 0 deletions, 1 modification)
2024-03-08 09:05:48.451  INFO 62349 --- [Thread-5] o.apache.catalina.core.StandardService   : Stopping service [Tomcat]
2024-03-08 09:05:48.453  INFO 62349 --- [Thread-5] o.a.c.c.C.[Tomcat].[localhost].[/]       : Destroying Spring FrameworkServlet 'dispatcherServlet'
2024-03-08 09:05:48.506  INFO 62349 --- [restartedMain] core.App                                 : Starting App using Java 11.0.22 on lenovopc with PID 62349 (/home/jortiz/IT/code/javacode/github/inclusion/backend/target/classes started by jortiz in /home/jortiz/IT/code/javacode/github/inclusion/backend)
2024-03-08 09:05:48.507  INFO 62349 --- [restartedMain] core.App                                 : The following 1 profile is active: "dev"
2024-03-08 09:05:48.659  INFO 62349 --- [restartedMain] o.s.b.w.embedded.tomcat.TomcatWebServer  : Tomcat initialized with port(s): 8081 (http)
2024-03-08 09:05:48.660  INFO 62349 --- [restartedMain] o.apache.catalina.core.StandardService   : Starting service [Tomcat]
2024-03-08 09:05:48.660  INFO 62349 --- [restartedMain] org.apache.catalina.core.StandardEngine  : Starting Servlet engine: [Apache Tomcat/9.0.65]
2024-03-08 09:05:48.663  INFO 62349 --- [restartedMain] o.a.c.c.C.[Tomcat].[localhost].[/]       : Initializing Spring embedded WebApplicationContext
2024-03-08 09:05:48.664  INFO 62349 --- [restartedMain] w.s.c.ServletWebServerApplicationContext : Root WebApplicationContext: initialization completed in 155 ms
2024-03-08 09:05:48.836  WARN 62349 --- [restartedMain] ion$DefaultTemplateResolverConfiguration : Cannot find template location: classpath:/templates/ (please add some templates or check your Thymeleaf configuration)
2024-03-08 09:05:48.840  INFO 62349 --- [restartedMain] o.s.b.d.a.OptionalLiveReloadServer       : LiveReload server is running on port 35729
2024-03-08 09:05:48.843  INFO 62349 --- [restartedMain] o.s.b.a.e.web.EndpointLinksResolver      : Exposing 14 endpoint(s) beneath base path '/actuator'
2024-03-08 09:05:48.858  INFO 62349 --- [restartedMain] o.s.b.w.embedded.tomcat.TomcatWebServer  : Tomcat started on port(s): 8081 (http) with context path ''
2024-03-08 09:05:48.864  INFO 62349 --- [restartedMain] core.App                                 : Started App in 0.372 seconds (JVM running for 1185.654)
2024-03-08 09:05:48.866  INFO 62349 --- [restartedMain] .ConditionEvaluationDeltaLoggingListener : Condition evaluation unchanged
2024-03-08 09:05:51.637  INFO 62349 --- [http-nio-8081-exec-1] o.a.c.c.C.[Tomcat].[localhost].[/]       : Initializing Spring DispatcherServlet 'dispatcherServlet'
2024-03-08 09:05:51.638  INFO 62349 --- [http-nio-8081-exec-1] o.s.web.servlet.DispatcherServlet        : Initializing Servlet 'dispatcherServlet'
2024-03-08 09:05:51.638  INFO 62349 --- [http-nio-8081-exec-1] o.s.web.servlet.DispatcherServlet        : Completed initialization in 0 ms
2024-03-08 09:05:51.642  INFO 62349 --- [http-nio-8081-exec-1] core.controller.rest.MathController      : Arriving numbers...
2024-03-08 09:05:51.642  INFO 62349 --- [http-nio-8081-exec-1] core.service.MathServiceImp              : Validating numbers...
2024-03-08 09:05:51.642 ERROR 62349 --- [http-nio-8081-exec-1] core.service.MathServiceImp              : An ERROR Message
2024-03-08 09:05:51.642  WARN 62349 --- [http-nio-8081-exec-1] .m.m.a.ExceptionHandlerExceptionResolver : Resolved [core.exception.AppException: there are some nulls or undefine values/fields for integers]
2024-03-08 09:06:38.346  WARN 62349 --- [http-nio-8081-exec-2] .w.s.m.s.DefaultHandlerExceptionResolver : Resolved [org.springframework.http.converter.HttpMessageNotReadableException: JSON parse error: Numeric value (4.523423423432423e+34) out of range of int (-2147483648 - 2147483647); nested exception is com.fasterxml.jackson.databind.JsonMappingException: Numeric value (4.523423423432423e+34) out of range of int (-2147483648 - 2147483647)<EOL> at [Source: (org.springframework.util.StreamUtils$NonClosingInputStream); line: 1, column: 33] (through reference chain: core.model.dto.in.RequestKDTO["y"])]
2024-03-08 09:06:56.147  INFO 62349 --- [http-nio-8081-exec-3] core.controller.rest.MathController      : Arriving numbers...
2024-03-08 09:06:56.147  INFO 62349 --- [http-nio-8081-exec-3] core.service.MathServiceImp              : Validating numbers...
2024-03-08 09:06:56.147 ERROR 62349 --- [http-nio-8081-exec-3] core.service.MathServiceImp              : An ERROR Message
2024-03-08 09:06:56.148  WARN 62349 --- [http-nio-8081-exec-3] .m.m.a.ExceptionHandlerExceptionResolver : Resolved [core.exception.AppException: there are some nulls or undefine values/fields for integers]
2024-03-08 09:14:32.705  INFO 62349 --- [http-nio-8081-exec-5] core.controller.rest.MathController      : Arriving numbers...
2024-03-08 09:14:32.705  INFO 62349 --- [http-nio-8081-exec-5] core.service.MathServiceImp              : Validating numbers...
2024-03-08 09:14:32.705 ERROR 62349 --- [http-nio-8081-exec-5] core.service.MathServiceImp              : An ERROR Message
2024-03-08 09:14:32.706  WARN 62349 --- [http-nio-8081-exec-5] .m.m.a.ExceptionHandlerExceptionResolver : Resolved [core.exception.AppException: there are some nulls or undefine values/fields for integers]
2024-03-08 09:14:50.275  INFO 62349 --- [http-nio-8081-exec-6] core.controller.rest.MathController      : Arriving numbers...
2024-03-08 09:14:50.276  INFO 62349 --- [http-nio-8081-exec-6] core.service.MathServiceImp              : Validating numbers...
2024-03-08 09:14:50.276 ERROR 62349 --- [http-nio-8081-exec-6] core.service.MathServiceImp              : An ERROR Message
2024-03-08 09:14:50.276  WARN 62349 --- [http-nio-8081-exec-6] .m.m.a.ExceptionHandlerExceptionResolver : Resolved [core.exception.AppException: there are some nulls or undefine values/fields for integers]
2024-03-08 09:15:54.057  INFO 62349 --- [http-nio-8081-exec-8] core.controller.rest.MathController      : Arriving numbers...
2024-03-08 09:15:54.057  INFO 62349 --- [http-nio-8081-exec-8] core.service.MathServiceImp              : Validating numbers...
2024-03-08 09:15:54.057 ERROR 62349 --- [http-nio-8081-exec-8] core.service.MathServiceImp              : An ERROR Message
2024-03-08 09:15:54.058  WARN 62349 --- [http-nio-8081-exec-8] .m.m.a.ExceptionHandlerExceptionResolver : Resolved [core.exception.AppException: there are some nulls or undefine values/fields for integers]
